<?xml version="1.0" encoding="UTF-8"?>
<!-- Generated by org.testng.reporters.JUnitReportReporter -->
<testsuite hostname="DESKTOP-VVI5NHS" failures="0" tests="3" name="rahulshettyacademy.StandAloneTest" time="44.132" errors="0" timestamp="2024-07-05T01:17:59 IST" skipped="0">
  <testcase classname="rahulshettyacademy.StandAloneTest" name="submitOrderTest" time="16.402"/>
  <testcase classname="rahulshettyacademy.StandAloneTest" name="OrderVerification" time="4.534"/>
  <testcase classname="rahulshettyacademy.StandAloneTest" name="submitOrderTest" time="23.196"/>
</testsuite> <!-- rahulshettyacademy.StandAloneTest -->
