<?xml version="1.0" encoding="UTF-8"?>
<!-- Generated by org.testng.reporters.JUnitReportReporter -->
<testsuite hostname="DESKTOP-VVI5NHS" failures="0" tests="1" name="Cucumber.TestNGTestRunner" time="6.125" errors="0" timestamp="2024-07-09T02:28:27 IST" skipped="0">
  <testcase classname="Cucumber.TestNGTestRunner" name="runScenario" time="6.125"/>
</testsuite> <!-- Cucumber.TestNGTestRunner -->
