<?xml version="1.0" encoding="UTF-8"?>
<!-- Generated by org.testng.reporters.JUnitReportReporter -->
<testsuite hostname="DESKTOP-VVI5NHS" failures="0" tests="3" name="rahulshettyacademy.StandAloneTest" time="42.505" errors="0" timestamp="2024-07-09T02:50:30 IST" skipped="0">
  <testcase classname="rahulshettyacademy.StandAloneTest" name="submitOrderTest" time="19.949"/>
  <testcase classname="rahulshettyacademy.StandAloneTest" name="submitOrderTest" time="15.859"/>
  <testcase classname="rahulshettyacademy.StandAloneTest" name="OrderVerification" time="6.697"/>
</testsuite> <!-- rahulshettyacademy.StandAloneTest -->
