<?xml version="1.0" encoding="UTF-8"?>
<!-- Generated by org.testng.reporters.JUnitReportReporter -->
<testsuite hostname="DESKTOP-VVI5NHS" failures="0" tests="2" name="Cucumber.TestNGTestRunner" time="32.560" errors="0" timestamp="2024-07-09T02:48:36 IST" skipped="0">
  <testcase classname="Cucumber.TestNGTestRunner" name="runScenario" time="17.864"/>
  <testcase classname="Cucumber.TestNGTestRunner" name="runScenario" time="14.696"/>
</testsuite> <!-- Cucumber.TestNGTestRunner -->
